<?xml version="1.0" encoding="utf-8"?><testsuites><testsuite name="pytest" errors="0" failures="0" skipped="0" tests="3" time="0.032" timestamp="2023-01-18T14:20:50.439623" hostname="pedro-550XDA"><testcase classname="tests.test_bytebank.TestClass" name="test_quando_recebe_18_04_2004_idade_deve_retornar_18" time="0.002" /><testcase classname="tests.test_bytebank.TestClass" name="test_calculando_desconto" time="0.000" /><testcase classname="tests.test_bytebank.TestClass" name="test_calcula_bonus" time="0.000" /></testsuite></testsuites>